[2026-02-05 12:08:33] 開始轉換時間範圍: 2026-02-05 11:00:00 到 2026-02-05 11:59:59
[2026-02-05 12:08:33] ✓ su_web 完成: /mnt/web/www/hksu/.db/files/2026/02/05/20260205_11_Backup_su_web.sql.zip
[2026-02-05 12:08:33] ✓ sm_m2 完成: /mnt/web/www/hksu/.db/files/2026/02/05/20260205_11_Backup_sm_m2.sql.zip
[2026-02-05 12:08:33] ℹ 備份檔案，提交 Git 。
[2026-02-05 12:25:25] 開始轉換時間範圍: 2026-02-05 11:00:00 到 2026-02-05 11:59:59
[2026-02-05 12:25:25] ✓ su_web 完成: /mnt/web/www/hksu/.db/files/2026/02/05/20260205_11_Backup_su_web.sql.zip
[2026-02-05 12:25:25] ✓ sm_m2 完成: /mnt/web/www/hksu/.db/files/2026/02/05/20260205_11_Backup_sm_m2.sql.zip
[2026-02-05 12:25:25] ℹ 備份檔案，提交 Git 。
[2026-02-05 13:00:01] 開始轉換時間範圍: 2026-02-05 12:00:00 到 2026-02-05 12:59:59
[2026-02-05 13:00:01] ℹ su_web 該時段內無資料變動，未生成有效 SQL。
[2026-02-05 13:00:01] ℹ sm_m2 該時段內無資料變動，未生成有效 SQL。
[2026-02-05 14:00:01] 開始轉換時間範圍: 2026-02-05 13:00:00 到 2026-02-05 13:59:59
[2026-02-05 14:00:01] ℹ su_web 該時段內無資料變動，未生成有效 SQL。
[2026-02-05 14:00:01] ℹ sm_m2 該時段內無資料變動，未生成有效 SQL。
[2026-02-05 15:00:01] 開始轉換時間範圍: 2026-02-05 14:00:00 到 2026-02-05 14:59:59
[2026-02-05 15:00:01] ℹ su_web 該時段內無資料變動，未生成有效 SQL。
[2026-02-05 15:00:01] ℹ sm_m2 該時段內無資料變動，未生成有效 SQL。
[2026-02-05 16:00:02] 開始轉換時間範圍: 2026-02-05 15:00:00 到 2026-02-05 15:59:59
[2026-02-05 16:00:02] ✓ su_web 完成: /mnt/web/www/hksu/.db/files/2026/02/05/20260205_15_Backup_su_web.sql.zip
[2026-02-05 16:00:02] ℹ sm_m2 該時段內無資料變動，未生成有效 SQL。
[2026-02-05 16:00:02] ℹ 備份檔案，提交 Git 。
[2026-02-05 17:00:01] 開始轉換時間範圍: 2026-02-05 16:00:00 到 2026-02-05 16:59:59
[2026-02-05 17:00:01] ✓ su_web 完成: /mnt/web/www/hksu/.db/files/2026/02/05/20260205_16_Backup_su_web.sql.zip
[2026-02-05 17:00:01] ℹ sm_m2 該時段內無資料變動，未生成有效 SQL。
[2026-02-05 17:00:02] ℹ 備份檔案，提交 Git 。
