[2026-02-04 15:20:22] 開始轉換時間範圍: 2026-02-04 14:00:00 到 2026-02-04 14:59:59
[2026-02-04 15:20:22] ✓ su_web 完成: /mnt/web/www/hksu/.db/files/2026/02/04/20260204_14_Backup_su_web.sql.zip
[2026-02-04 15:20:22] ✓ sm_m2 完成: /mnt/web/www/hksu/.db/files/2026/02/04/20260204_14_Backup_sm_m2.sql.zip
[2026-02-04 15:20:22] ℹ 備份檔案，提交 Git 。
[2026-02-04 15:22:10] 開始轉換時間範圍: 2026-02-04 14:00:00 到 2026-02-04 14:59:59
[2026-02-04 15:22:10] ✓ su_web 完成: /mnt/web/www/hksu/.db/files/2026/02/04/20260204_14_Backup_su_web.sql.zip
[2026-02-04 15:22:10] ✓ sm_m2 完成: /mnt/web/www/hksu/.db/files/2026/02/04/20260204_14_Backup_sm_m2.sql.zip
[2026-02-04 15:22:10] ℹ 備份檔案，提交 Git 。
[2026-02-04 16:00:01] 開始轉換時間範圍: 2026-02-04 15:00:00 到 2026-02-04 15:59:59
[2026-02-04 16:00:01] ℹ su_web 該時段內無資料變動，未生成有效 SQL。
[2026-02-04 16:00:01] ℹ sm_m2 該時段內無資料變動，未生成有效 SQL。
[2026-02-04 17:00:01] 開始轉換時間範圍: 2026-02-04 16:00:00 到 2026-02-04 16:59:59
[2026-02-04 17:00:01] ℹ su_web 該時段內無資料變動，未生成有效 SQL。
[2026-02-04 17:00:01] ℹ sm_m2 該時段內無資料變動，未生成有效 SQL。
[2026-02-04 18:00:01] 開始轉換時間範圍: 2026-02-04 17:00:00 到 2026-02-04 17:59:59
[2026-02-04 18:00:01] ℹ su_web 該時段內無資料變動，未生成有效 SQL。
[2026-02-04 18:00:01] ℹ sm_m2 該時段內無資料變動，未生成有效 SQL。
[2026-02-04 19:00:02] 開始轉換時間範圍: 2026-02-04 18:00:00 到 2026-02-04 18:59:59
[2026-02-04 19:00:02] ℹ su_web 該時段內無資料變動，未生成有效 SQL。
[2026-02-04 19:00:02] ℹ sm_m2 該時段內無資料變動，未生成有效 SQL。
[2026-02-04 20:00:01] 開始轉換時間範圍: 2026-02-04 19:00:00 到 2026-02-04 19:59:59
[2026-02-04 20:00:01] ℹ su_web 該時段內無資料變動，未生成有效 SQL。
[2026-02-04 20:00:01] ℹ sm_m2 該時段內無資料變動，未生成有效 SQL。
[2026-02-04 21:00:01] 開始轉換時間範圍: 2026-02-04 20:00:00 到 2026-02-04 20:59:59
[2026-02-04 21:00:01] ℹ su_web 該時段內無資料變動，未生成有效 SQL。
[2026-02-04 21:00:02] ℹ sm_m2 該時段內無資料變動，未生成有效 SQL。
[2026-02-04 22:00:01] 開始轉換時間範圍: 2026-02-04 21:00:00 到 2026-02-04 21:59:59
[2026-02-04 22:00:01] ℹ su_web 該時段內無資料變動，未生成有效 SQL。
[2026-02-04 22:00:01] ℹ sm_m2 該時段內無資料變動，未生成有效 SQL。
[2026-02-04 23:00:01] 開始轉換時間範圍: 2026-02-04 22:00:00 到 2026-02-04 22:59:59
[2026-02-04 23:00:01] ℹ su_web 該時段內無資料變動，未生成有效 SQL。
[2026-02-04 23:00:01] ℹ sm_m2 該時段內無資料變動，未生成有效 SQL。
[2026-02-05 00:00:01] 開始轉換時間範圍: 2026-02-04 23:00:00 到 2026-02-04 23:59:59
[2026-02-05 00:00:02] ℹ su_web 該時段內無資料變動，未生成有效 SQL。
[2026-02-05 00:00:02] ℹ sm_m2 該時段內無資料變動，未生成有效 SQL。
[2026-02-05 01:00:01] 開始轉換時間範圍: 2026-02-05 00:00:00 到 2026-02-05 00:59:59
[2026-02-05 01:00:01] ℹ su_web 該時段內無資料變動，未生成有效 SQL。
[2026-02-05 01:00:01] ℹ sm_m2 該時段內無資料變動，未生成有效 SQL。
[2026-02-05 02:00:01] 開始轉換時間範圍: 2026-02-05 01:00:00 到 2026-02-05 01:59:59
[2026-02-05 02:00:01] ℹ su_web 該時段內無資料變動，未生成有效 SQL。
[2026-02-05 02:00:01] ℹ sm_m2 該時段內無資料變動，未生成有效 SQL。
[2026-02-05 03:00:01] 開始轉換時間範圍: 2026-02-05 02:00:00 到 2026-02-05 02:59:59
[2026-02-05 03:00:01] ℹ su_web 該時段內無資料變動，未生成有效 SQL。
[2026-02-05 03:00:01] ℹ sm_m2 該時段內無資料變動，未生成有效 SQL。
[2026-02-05 04:00:01] 開始轉換時間範圍: 2026-02-05 03:00:00 到 2026-02-05 03:59:59
[2026-02-05 04:00:02] ℹ su_web 該時段內無資料變動，未生成有效 SQL。
[2026-02-05 04:00:02] ℹ sm_m2 該時段內無資料變動，未生成有效 SQL。
[2026-02-05 05:00:01] 開始轉換時間範圍: 2026-02-05 04:00:00 到 2026-02-05 04:59:59
[2026-02-05 05:00:01] ℹ su_web 該時段內無資料變動，未生成有效 SQL。
[2026-02-05 05:00:01] ℹ sm_m2 該時段內無資料變動，未生成有效 SQL。
[2026-02-05 06:00:01] 開始轉換時間範圍: 2026-02-05 05:00:00 到 2026-02-05 05:59:59
[2026-02-05 06:00:01] ℹ su_web 該時段內無資料變動，未生成有效 SQL。
[2026-02-05 06:00:01] ℹ sm_m2 該時段內無資料變動，未生成有效 SQL。
[2026-02-05 07:00:01] 開始轉換時間範圍: 2026-02-05 06:00:00 到 2026-02-05 06:59:59
[2026-02-05 07:00:01] ℹ su_web 該時段內無資料變動，未生成有效 SQL。
[2026-02-05 07:00:01] ℹ sm_m2 該時段內無資料變動，未生成有效 SQL。
[2026-02-05 08:00:01] 開始轉換時間範圍: 2026-02-05 07:00:00 到 2026-02-05 07:59:59
[2026-02-05 08:00:01] ℹ su_web 該時段內無資料變動，未生成有效 SQL。
[2026-02-05 08:00:01] ℹ sm_m2 該時段內無資料變動，未生成有效 SQL。
[2026-02-05 09:00:01] 開始轉換時間範圍: 2026-02-05 08:00:00 到 2026-02-05 08:59:59
[2026-02-05 09:00:01] ℹ su_web 該時段內無資料變動，未生成有效 SQL。
[2026-02-05 09:00:01] ℹ sm_m2 該時段內無資料變動，未生成有效 SQL。
[2026-02-05 10:00:01] 開始轉換時間範圍: 2026-02-05 09:00:00 到 2026-02-05 09:59:59
[2026-02-05 10:00:01] ℹ su_web 該時段內無資料變動，未生成有效 SQL。
[2026-02-05 10:00:01] ℹ sm_m2 該時段內無資料變動，未生成有效 SQL。
[2026-02-05 11:00:01] 開始轉換時間範圍: 2026-02-05 10:00:00 到 2026-02-05 10:59:59
[2026-02-05 11:00:01] ℹ su_web 該時段內無資料變動，未生成有效 SQL。
[2026-02-05 11:00:01] ℹ sm_m2 該時段內無資料變動，未生成有效 SQL。
[2026-02-05 12:00:01] 開始轉換時間範圍: 2026-02-05 11:00:00 到 2026-02-05 11:59:59
[2026-02-05 12:00:01] ✓ su_web 完成: /mnt/web/www/hksu/.db/files/2026/02/05/20260205_11_Backup_su_web.sql.zip
[2026-02-05 12:00:01] ✓ sm_m2 完成: /mnt/web/www/hksu/.db/files/2026/02/05/20260205_11_Backup_sm_m2.sql.zip
[2026-02-05 12:00:01] ℹ 備份檔案，提交 Git 。
